#
# There is insufficient memory for the Java Runtime Environment to continue.
# Native memory allocation (malloc) failed to allocate 588816 bytes for Chunk::new
# Possible reasons:
#   The system is out of physical RAM or swap space
#   In 32 bit mode, the process size limit was hit
# Possible solutions:
#   Reduce memory load on the system
#   Increase physical memory or swap space
#   Check if swap backing store is full
#   Use 64 bit Java on a 64 bit OS
#   Decrease Java heap size (-Xmx/-Xms)
#   Decrease number of Java threads
#   Decrease Java thread stack sizes (-Xss)
#   Set larger code cache with -XX:ReservedCodeCacheSize=
# This output file may be truncated or incomplete.
#
#  Out of Memory Error (allocation.cpp:390), pid=98576, tid=0x0000000000017f8c
#
# JRE version: Java(TM) SE Runtime Environment (8.0_181-b13) (build 1.8.0_181-b13)
# Java VM: Java HotSpot(TM) 64-Bit Server VM (25.181-b13 mixed mode windows-amd64 compressed oops)
# Failed to write core dump. Minidumps are not enabled by default on client versions of Windows
#

---------------  T H R E A D  ---------------

Current thread (0x00000000191db800):  JavaThread "C2 CompilerThread1" daemon [_thread_in_native, id=98188, stack(0x0000000019b40000,0x0000000019c40000)]

Stack: [0x0000000019b40000,0x0000000019c40000]
[error occurred during error reporting (printing stack bounds), id 0xc0000005]

Native frames: (J=compiled Java code, j=interpreted, Vv=VM code, C=native code)


Current CompileTask:
C2:  95944 3443   !   4       sun.security.util.ManifestDigester::<init> (455 bytes)


---------------  P R O C E S S  ---------------

Java Threads: ( => current thread )
  0x000000001ef53800 JavaThread "Exec Stream Pumper" daemon [_thread_in_native, id=14116, stack(0x0000000022c00000,0x0000000022d00000)]
  0x000000001ef52000 JavaThread "Exec Stream Pumper" daemon [_thread_in_native, id=116660, stack(0x0000000022b00000,0x0000000022c00000)]
  0x000000001ef51800 JavaThread "Exec Default Executor" daemon [_thread_in_native, id=103760, stack(0x0000000022a00000,0x0000000022b00000)]
  0x0000000019224800 JavaThread "Service Thread" daemon [_thread_blocked, id=104544, stack(0x0000000019e40000,0x0000000019f40000)]
  0x00000000191e6000 JavaThread "C1 CompilerThread3" daemon [_thread_blocked, id=98360, stack(0x0000000019d40000,0x0000000019e40000)]
  0x00000000191dc800 JavaThread "C2 CompilerThread2" daemon [_thread_in_native, id=90360, stack(0x0000000019c40000,0x0000000019d40000)]
=>0x00000000191db800 JavaThread "C2 CompilerThread1" daemon [_thread_in_native, id=98188, stack(0x0000000019b40000,0x0000000019c40000)]
  0x0000000019192800 JavaThread "C2 CompilerThread0" daemon [_thread_in_native, id=99976, stack(0x0000000019a40000,0x0000000019b40000)]
  0x0000000019191000 JavaThread "Attach Listener" daemon [_thread_blocked, id=40080, stack(0x0000000019940000,0x0000000019a40000)]
  0x0000000019190000 JavaThread "Signal Dispatcher" daemon [_thread_blocked, id=99568, stack(0x0000000019840000,0x0000000019940000)]
  0x0000000017358800 JavaThread "Finalizer" daemon [_thread_blocked, id=101100, stack(0x0000000019650000,0x0000000019750000)]
  0x0000000019170800 JavaThread "Reference Handler" daemon [_thread_blocked, id=72860, stack(0x0000000019550000,0x0000000019650000)]
  0x0000000002a4c800 JavaThread "main" [_thread_in_vm, id=110700, stack(0x0000000002940000,0x0000000002a40000)]

Other Threads:
  0x000000001734a000 VMThread [stack: 0x0000000019050000,0x0000000019150000] [id=74896]
  0x0000000019226800 WatcherThread [stack: 0x0000000019f40000,0x000000001a040000] [id=99888]

VM state:not at safepoint (normal execution)

VM Mutex/Monitor currently owned by a thread: None

Heap:
 PSYoungGen      total 194048K, used 38289K [0x00000000da180000, 0x00000000e7580000, 0x0000000100000000)
  eden space 180736K, 13% used [0x00000000da180000,0x00000000dba2a7d8,0x00000000e5200000)
  from space 13312K, 97% used [0x00000000e6880000,0x00000000e7539ce8,0x00000000e7580000)
  to   space 14848K, 0% used [0x00000000e5880000,0x00000000e5880000,0x00000000e6700000)
 ParOldGen       total 112640K, used 12934K [0x000000008e400000, 0x0000000095200000, 0x00000000da180000)
  object space 112640K, 11% used [0x000000008e400000,0x000000008f0a1918,0x0000000095200000)
 Metaspace       used 31613K, capacity 32340K, committed 32512K, reserved 1077248K
  class space    used 3796K, capacity 4042K, committed 4096K, reserved 1048576K

Card table byte_map: [0x0000000011f00000,0x0000000012290000] byte_map_base: 0x0000000011a8e000

Marking Bits: (ParMarkBitMap*) 0x000000005f392d00
 Begin Bits: [0x0000000012cf0000, 0x0000000014960000)
 End Bits:   [0x0000000014960000, 0x00000000165d0000)

Polling page: 0x0000000000a10000

CodeCache: size=245760Kb used=12343Kb max_used=12461Kb free=233416Kb
 bounds [0x0000000002b40000, 0x0000000003780000, 0x0000000011b40000]
 total_blobs=3721 nmethods=3038 adapters=593
 compilation: enabled

Compilation events (10 events):
Event: 95.916 Thread 0x00000000191dc800 3467       4       java.util.zip.InflaterInputStream::ensureOpen (18 bytes)
Event: 95.917 Thread 0x00000000191e6000 nmethod 3489 0x00000000032b9610 code [0x00000000032b9c80, 0x00000000032be4f8]
Event: 95.917 Thread 0x00000000191dc800 nmethod 3467 0x0000000002cf2fd0 code [0x0000000002cf3100, 0x0000000002cf3178]
Event: 95.917 Thread 0x00000000191e6000 3490       3       javax.xml.namespace.QName::hashCode (16 bytes)
Event: 95.917 Thread 0x00000000191dc800 3468       4       sun.security.provider.DigestBase::engineUpdate (189 bytes)
Event: 95.917 Thread 0x00000000191e6000 nmethod 3490 0x00000000032c6fd0 code [0x00000000032c7140, 0x00000000032c7418]
Event: 95.917 Thread 0x00000000191e6000 3491       3       org.apache.xmlbeans.impl.schema.SchemaTypeSystemImpl$HandlePool::refForHandle (20 bytes)
Event: 95.917 Thread 0x00000000191e6000 nmethod 3491 0x00000000032c6a50 code [0x00000000032c6bc0, 0x00000000032c6f08]
Event: 95.923 Thread 0x00000000191dc800 nmethod 3468 0x00000000032c6010 code [0x00000000032c6180, 0x00000000032c6668]
Event: 95.923 Thread 0x00000000191dc800 3473       4       java.util.jar.JarVerifier::update (38 bytes)

GC Heap History (10 events):
Event: 6.182 GC heap before
{Heap before GC invocations=3 (full 0):
 PSYoungGen      total 76288K, used 74885K [0x00000000da180000, 0x00000000e3680000, 0x0000000100000000)
  eden space 65536K, 100% used [0x00000000da180000,0x00000000de180000,0x00000000de180000)
  from space 10752K, 86% used [0x00000000dec00000,0x00000000df521770,0x00000000df680000)
  to   space 10752K, 0% used [0x00000000de180000,0x00000000de180000,0x00000000dec00000)
 ParOldGen       total 175104K, used 80K [0x000000008e400000, 0x0000000098f00000, 0x00000000da180000)
  object space 175104K, 0% used [0x000000008e400000,0x000000008e414010,0x0000000098f00000)
 Metaspace       used 20510K, capacity 20736K, committed 21120K, reserved 1069056K
  class space    used 2283K, capacity 2374K, committed 2432K, reserved 1048576K
Event: 6.254 GC heap after
Heap after GC invocations=3 (full 0):
 PSYoungGen      total 76288K, used 10745K [0x00000000da180000, 0x00000000e3680000, 0x0000000100000000)
  eden space 65536K, 0% used [0x00000000da180000,0x00000000da180000,0x00000000de180000)
  from space 10752K, 99% used [0x00000000de180000,0x00000000debfe5e0,0x00000000dec00000)
  to   space 10752K, 0% used [0x00000000e2c00000,0x00000000e2c00000,0x00000000e3680000)
 ParOldGen       total 175104K, used 530K [0x000000008e400000, 0x0000000098f00000, 0x00000000da180000)
  object space 175104K, 0% used [0x000000008e400000,0x000000008e484a70,0x0000000098f00000)
 Metaspace       used 20510K, capacity 20736K, committed 21120K, reserved 1069056K
  class space    used 2283K, capacity 2374K, committed 2432K, reserved 1048576K
}
Event: 7.007 GC heap before
{Heap before GC invocations=4 (full 0):
 PSYoungGen      total 76288K, used 58740K [0x00000000da180000, 0x00000000e3680000, 0x0000000100000000)
  eden space 65536K, 73% used [0x00000000da180000,0x00000000dd05ea58,0x00000000de180000)
  from space 10752K, 99% used [0x00000000de180000,0x00000000debfe5e0,0x00000000dec00000)
  to   space 10752K, 0% used [0x00000000e2c00000,0x00000000e2c00000,0x00000000e3680000)
 ParOldGen       total 175104K, used 530K [0x000000008e400000, 0x0000000098f00000, 0x00000000da180000)
  object space 175104K, 0% used [0x000000008e400000,0x000000008e484a70,0x0000000098f00000)
 Metaspace       used 20869K, capacity 21130K, committed 21296K, reserved 1069056K
  class space    used 2314K, capacity 2416K, committed 2432K, reserved 1048576K
Event: 7.109 GC heap after
Heap after GC invocations=4 (full 0):
 PSYoungGen      total 141824K, used 10722K [0x00000000da180000, 0x00000000e3680000, 0x0000000100000000)
  eden space 131072K, 0% used [0x00000000da180000,0x00000000da180000,0x00000000e2180000)
  from space 10752K, 99% used [0x00000000e2c00000,0x00000000e3678b30,0x00000000e3680000)
  to   space 10752K, 0% used [0x00000000e2180000,0x00000000e2180000,0x00000000e2c00000)
 ParOldGen       total 175104K, used 2751K [0x000000008e400000, 0x0000000098f00000, 0x00000000da180000)
  object space 175104K, 1% used [0x000000008e400000,0x000000008e6afe30,0x0000000098f00000)
 Metaspace       used 20869K, capacity 21130K, committed 21296K, reserved 1069056K
  class space    used 2314K, capacity 2416K, committed 2432K, reserved 1048576K
}
Event: 7.109 GC heap before
{Heap before GC invocations=5 (full 1):
 PSYoungGen      total 141824K, used 10722K [0x00000000da180000, 0x00000000e3680000, 0x0000000100000000)
  eden space 131072K, 0% used [0x00000000da180000,0x00000000da180000,0x00000000e2180000)
  from space 10752K, 99% used [0x00000000e2c00000,0x00000000e3678b30,0x00000000e3680000)
  to   space 10752K, 0% used [0x00000000e2180000,0x00000000e2180000,0x00000000e2c00000)
 ParOldGen       total 175104K, used 2751K [0x000000008e400000, 0x0000000098f00000, 0x00000000da180000)
  object space 175104K, 1% used [0x000000008e400000,0x000000008e6afe30,0x0000000098f00000)
 Metaspace       used 20869K, capacity 21130K, committed 21296K, reserved 1069056K
  class space    used 2314K, capacity 2416K, committed 2432K, reserved 1048576K
Event: 7.475 GC heap after
Heap after GC invocations=5 (full 1):
 PSYoungGen      total 141824K, used 0K [0x00000000da180000, 0x00000000e3680000, 0x0000000100000000)
  eden space 131072K, 0% used [0x00000000da180000,0x00000000da180000,0x00000000e2180000)
  from space 10752K, 0% used [0x00000000e2c00000,0x00000000e2c00000,0x00000000e3680000)
  to   space 10752K, 0% used [0x00000000e2180000,0x00000000e2180000,0x00000000e2c00000)
 ParOldGen       total 112640K, used 12926K [0x000000008e400000, 0x0000000095200000, 0x00000000da180000)
  object space 112640K, 11% used [0x000000008e400000,0x000000008f09f918,0x0000000095200000)
 Metaspace       used 20869K, capacity 21130K, committed 21296K, reserved 1069056K
  class space    used 2314K, capacity 2416K, committed 2432K, reserved 1048576K
}
Event: 24.776 GC heap before
{Heap before GC invocations=6 (full 1):
 PSYoungGen      total 141824K, used 131072K [0x00000000da180000, 0x00000000e3680000, 0x0000000100000000)
  eden space 131072K, 100% used [0x00000000da180000,0x00000000e2180000,0x00000000e2180000)
  from space 10752K, 0% used [0x00000000e2c00000,0x00000000e2c00000,0x00000000e3680000)
  to   space 10752K, 0% used [0x00000000e2180000,0x00000000e2180000,0x00000000e2c00000)
 ParOldGen       total 112640K, used 12926K [0x000000008e400000, 0x0000000095200000, 0x00000000da180000)
  object space 112640K, 11% used [0x000000008e400000,0x000000008f09f918,0x0000000095200000)
 Metaspace       used 28586K, capacity 29196K, committed 29312K, reserved 1075200K
  class space    used 3472K, capacity 3663K, committed 3712K, reserved 1048576K
Event: 24.788 GC heap after
Heap after GC invocations=6 (full 1):
 PSYoungGen      total 141824K, used 10173K [0x00000000da180000, 0x00000000e7600000, 0x0000000100000000)
  eden space 131072K, 0% used [0x00000000da180000,0x00000000da180000,0x00000000e2180000)
  from space 10752K, 94% used [0x00000000e2180000,0x00000000e2b6f538,0x00000000e2c00000)
  to   space 13824K, 0% used [0x00000000e6880000,0x00000000e6880000,0x00000000e7600000)
 ParOldGen       total 112640K, used 12934K [0x000000008e400000, 0x0000000095200000, 0x00000000da180000)
  object space 112640K, 11% used [0x000000008e400000,0x000000008f0a1918,0x0000000095200000)
 Metaspace       used 28586K, capacity 29196K, committed 29312K, reserved 1075200K
  class space    used 3472K, capacity 3663K, committed 3712K, reserved 1048576K
}
Event: 95.790 GC heap before
{Heap before GC invocations=7 (full 1):
 PSYoungGen      total 141824K, used 140963K [0x00000000da180000, 0x00000000e7600000, 0x0000000100000000)
  eden space 131072K, 99% used [0x00000000da180000,0x00000000e21396f0,0x00000000e2180000)
  from space 10752K, 94% used [0x00000000e2180000,0x00000000e2b6f538,0x00000000e2c00000)
  to   space 13824K, 0% used [0x00000000e6880000,0x00000000e6880000,0x00000000e7600000)
 ParOldGen       total 112640K, used 12934K [0x000000008e400000, 0x0000000095200000, 0x00000000da180000)
  object space 112640K, 11% used [0x000000008e400000,0x000000008f0a1918,0x0000000095200000)
 Metaspace       used 31570K, capacity 32340K, committed 32512K, reserved 1077248K
  class space    used 3795K, capacity 4042K, committed 4096K, reserved 1048576K
Event: 95.808 GC heap after
Heap after GC invocations=7 (full 1):
 PSYoungGen      total 194048K, used 13031K [0x00000000da180000, 0x00000000e7580000, 0x0000000100000000)
  eden space 180736K, 0% used [0x00000000da180000,0x00000000da180000,0x00000000e5200000)
  from space 13312K, 97% used [0x00000000e6880000,0x00000000e7539ce8,0x00000000e7580000)
  to   space 14848K, 0% used [0x00000000e5880000,0x00000000e5880000,0x00000000e6700000)
 ParOldGen       total 112640K, used 12934K [0x000000008e400000, 0x0000000095200000, 0x00000000da180000)
  object space 112640K, 11% used [0x000000008e400000,0x000000008f0a1918,0x0000000095200000)
 Metaspace       used 31570K, capacity 32340K, committed 32512K, reserved 1077248K
  class space    used 3795K, capacity 4042K, committed 4096K, reserved 1048576K
}

Deoptimization events (10 events):
Event: 95.571 Thread 0x0000000002a4c800 Uncommon trap: reason=class_check action=maybe_recompile pc=0x0000000003604a80 method=java.util.zip.InflaterInputStream.read([BII)I @ 100
Event: 95.571 Thread 0x0000000002a4c800 Uncommon trap: reason=class_check action=maybe_recompile pc=0x0000000003604a80 method=java.util.zip.InflaterInputStream.read([BII)I @ 100
Event: 95.571 Thread 0x0000000002a4c800 Uncommon trap: reason=class_check action=maybe_recompile pc=0x0000000003604a80 method=java.util.zip.InflaterInputStream.read([BII)I @ 100
Event: 95.571 Thread 0x0000000002a4c800 Uncommon trap: reason=class_check action=maybe_recompile pc=0x0000000003604a80 method=java.util.zip.InflaterInputStream.read([BII)I @ 100
Event: 95.628 Thread 0x0000000002a4c800 Uncommon trap: reason=unstable_if action=reinterpret pc=0x0000000003710a6c method=java.lang.reflect.Constructor.newInstance([Ljava/lang/Object;)Ljava/lang/Object; @ 18
Event: 95.679 Thread 0x0000000002a4c800 Uncommon trap: reason=unstable_if action=reinterpret pc=0x00000000033a4bf0 method=java.lang.AbstractStringBuilder.append(Ljava/lang/String;)Ljava/lang/AbstractStringBuilder; @ 1
Event: 95.679 Thread 0x0000000002a4c800 Uncommon trap: reason=unstable_if action=reinterpret pc=0x0000000002d5b1c0 method=java.lang.AbstractStringBuilder.append(Ljava/lang/String;)Ljava/lang/AbstractStringBuilder; @ 1
Event: 95.701 Thread 0x0000000002a4c800 Uncommon trap: reason=unstable_if action=reinterpret pc=0x0000000002ee99b0 method=java.util.HashMap.hash(Ljava/lang/Object;)I @ 1
Event: 95.837 Thread 0x0000000002a4c800 Uncommon trap: reason=unstable_if action=reinterpret pc=0x0000000003268be8 method=sun.security.util.ManifestDigester.<init>([B)V @ 101
Event: 95.866 Thread 0x0000000002a4c800 Uncommon trap: reason=bimorphic action=maybe_recompile pc=0x00000000036341a4 method=java.io.DataInputStream.readInt()I @ 4

Classes redefined (0 events):
No events

Internal exceptions (10 events):
Event: 95.752 Thread 0x0000000002a4c800 Exception <a 'java/security/PrivilegedActionException'> (0x00000000e1e98940) thrown at [C:\re\workspace\8-2-build-windows-amd64-cygwin\jdk8u181\11358\hotspot\src\share\vm\prims\jvm.cpp, line 1435]
Event: 95.752 Thread 0x0000000002a4c800 Exception <a 'java/security/PrivilegedActionException'> (0x00000000e1e99108) thrown at [C:\re\workspace\8-2-build-windows-amd64-cygwin\jdk8u181\11358\hotspot\src\share\vm\prims\jvm.cpp, line 1435]
Event: 95.754 Thread 0x0000000002a4c800 Exception <a 'java/security/PrivilegedActionException'> (0x00000000e1eb7230) thrown at [C:\re\workspace\8-2-build-windows-amd64-cygwin\jdk8u181\11358\hotspot\src\share\vm\prims\jvm.cpp, line 1435]
Event: 95.754 Thread 0x0000000002a4c800 Exception <a 'java/security/PrivilegedActionException'> (0x00000000e1eb79f8) thrown at [C:\re\workspace\8-2-build-windows-amd64-cygwin\jdk8u181\11358\hotspot\src\share\vm\prims\jvm.cpp, line 1435]
Event: 95.755 Thread 0x0000000002a4c800 Exception <a 'java/security/PrivilegedActionException'> (0x00000000e1ec5c78) thrown at [C:\re\workspace\8-2-build-windows-amd64-cygwin\jdk8u181\11358\hotspot\src\share\vm\prims\jvm.cpp, line 1435]
Event: 95.755 Thread 0x0000000002a4c800 Exception <a 'java/security/PrivilegedActionException'> (0x00000000e1ec6440) thrown at [C:\re\workspace\8-2-build-windows-amd64-cygwin\jdk8u181\11358\hotspot\src\share\vm\prims\jvm.cpp, line 1435]
Event: 95.755 Thread 0x0000000002a4c800 Exception <a 'java/security/PrivilegedActionException'> (0x00000000e1ed5080) thrown at [C:\re\workspace\8-2-build-windows-amd64-cygwin\jdk8u181\11358\hotspot\src\share\vm\prims\jvm.cpp, line 1435]
Event: 95.755 Thread 0x0000000002a4c800 Exception <a 'java/security/PrivilegedActionException'> (0x00000000e1ed5848) thrown at [C:\re\workspace\8-2-build-windows-amd64-cygwin\jdk8u181\11358\hotspot\src\share\vm\prims\jvm.cpp, line 1435]
Event: 95.756 Thread 0x0000000002a4c800 Exception <a 'java/security/PrivilegedActionException'> (0x00000000e1ee4360) thrown at [C:\re\workspace\8-2-build-windows-amd64-cygwin\jdk8u181\11358\hotspot\src\share\vm\prims\jvm.cpp, line 1435]
Event: 95.756 Thread 0x0000000002a4c800 Exception <a 'java/security/PrivilegedActionException'> (0x00000000e1ee4b28) thrown at [C:\re\workspace\8-2-build-windows-amd64-cygwin\jdk8u181\11358\hotspot\src\share\vm\prims\jvm.cpp, line 1435]

Events (10 events):
Event: 95.853 Thread 0x0000000002a4c800 DEOPT UNPACKING pc=0x0000000002b87890 sp=0x0000000002a39468 mode 0
Event: 95.861 Thread 0x0000000002a4c800 DEOPT PACKING pc=0x00000000032868c5 sp=0x0000000002a39950
Event: 95.861 Thread 0x0000000002a4c800 DEOPT UNPACKING pc=0x0000000002b87890 sp=0x0000000002a39690 mode 0
Event: 95.866 Thread 0x0000000002a4c800 Uncommon trap: trap_request=0xffffffc6 fr.pc=0x00000000036341a4
Event: 95.866 Thread 0x0000000002a4c800 DEOPT PACKING pc=0x00000000036341a4 sp=0x0000000002a3a130
Event: 95.866 Thread 0x0000000002a4c800 DEOPT UNPACKING pc=0x0000000002b8583b sp=0x0000000002a3a0f8 mode 2
Event: 95.866 loading class org/apache/xmlbeans/impl/schema/SchemaTypeSystemImpl$StringPool
Event: 95.866 loading class org/apache/xmlbeans/impl/schema/SchemaTypeSystemImpl$StringPool done
Event: 95.901 loading class org/apache/xmlbeans/impl/schema/SchemaTypeSystemImpl$HandlePool
Event: 95.901 loading class org/apache/xmlbeans/impl/schema/SchemaTypeSystemImpl$HandlePool done


Dynamic libraries:
0x00007ff6259b0000 - 0x00007ff6259e7000 	C:\Users\miguel.oda\Documents\KatalonStudio6.1.5LastTimeExecuteOn11.18.2019\jre\bin\javaw.exe
0x00007fffe9500000 - 0x00007fffe96e1000 	C:\WINDOWS\SYSTEM32\ntdll.dll
0x00007fffe7360000 - 0x00007fffe7411000 	C:\WINDOWS\System32\KERNEL32.DLL
0x00007fffe5ac0000 - 0x00007fffe5d33000 	C:\WINDOWS\System32\KERNELBASE.dll
0x00007fffe6990000 - 0x00007fffe6a31000 	C:\WINDOWS\System32\ADVAPI32.dll
0x00007fffe6d70000 - 0x00007fffe6e0e000 	C:\WINDOWS\System32\msvcrt.dll
0x00007fffe9040000 - 0x00007fffe909b000 	C:\WINDOWS\System32\sechost.dll
0x00007fffe6af0000 - 0x00007fffe6c14000 	C:\WINDOWS\System32\RPCRT4.dll
0x00007fffe91a0000 - 0x00007fffe9330000 	C:\WINDOWS\System32\USER32.dll
0x00007fffe5fb0000 - 0x00007fffe5fd0000 	C:\WINDOWS\System32\win32u.dll
0x00007fffe89f0000 - 0x00007fffe8a18000 	C:\WINDOWS\System32\GDI32.dll
0x00007fffe6740000 - 0x00007fffe68d2000 	C:\WINDOWS\System32\gdi32full.dll
0x00007fffe58c0000 - 0x00007fffe595f000 	C:\WINDOWS\System32\msvcp_win.dll
0x00007fffe59c0000 - 0x00007fffe5ab8000 	C:\WINDOWS\System32\ucrtbase.dll
0x00007fffcc9c0000 - 0x00007fffccc29000 	C:\WINDOWS\WinSxS\amd64_microsoft.windows.common-controls_6595b64144ccf1df_6.0.17134.1550_none_d40142657c8ef2c1\COMCTL32.dll
0x00007fffe8b80000 - 0x00007fffe8ea0000 	C:\WINDOWS\System32\combase.dll
0x00007fffe5d40000 - 0x00007fffe5db9000 	C:\WINDOWS\System32\bcryptPrimitives.dll
0x00007fffe8f90000 - 0x00007fffe8fbd000 	C:\WINDOWS\System32\IMM32.DLL
0x00007fffc9630000 - 0x00007fffc96e2000 	C:\Program Files\McAfee\Endpoint Security\Threat Prevention\Ips\EpMPApi.dll
0x00007fffe5960000 - 0x00007fffe59b7000 	C:\WINDOWS\System32\WINTRUST.dll
0x00007fffe58a0000 - 0x00007fffe58b2000 	C:\WINDOWS\System32\MSASN1.dll
0x00007fffe5dc0000 - 0x00007fffe5fa2000 	C:\WINDOWS\System32\CRYPT32.dll
0x0000000062600000 - 0x000000006260c000 	C:\Program Files\McAfee\Endpoint Security\Threat Prevention\Ips\EpMPThe.dll
0x0000000060f30000 - 0x0000000061002000 	C:\Users\miguel.oda\Documents\KatalonStudio6.1.5LastTimeExecuteOn11.18.2019\jre\bin\msvcr100.dll
0x000000005eb70000 - 0x000000005f412000 	C:\Users\miguel.oda\Documents\KatalonStudio6.1.5LastTimeExecuteOn11.18.2019\jre\bin\server\jvm.dll
0x00007fffe6ce0000 - 0x00007fffe6ce8000 	C:\WINDOWS\System32\PSAPI.DLL
0x00007fffe2c40000 - 0x00007fffe2c63000 	C:\WINDOWS\SYSTEM32\WINMM.dll
0x00007fffd7a60000 - 0x00007fffd7a69000 	C:\WINDOWS\SYSTEM32\WSOCK32.dll
0x00007fffe8fc0000 - 0x00007fffe902c000 	C:\WINDOWS\System32\WS2_32.dll
0x00007fffdf810000 - 0x00007fffdf81a000 	C:\WINDOWS\SYSTEM32\VERSION.dll
0x00007fffe27a0000 - 0x00007fffe27ca000 	C:\WINDOWS\SYSTEM32\WINMMBASE.dll
0x00007fffe66f0000 - 0x00007fffe6739000 	C:\WINDOWS\System32\cfgmgr32.dll
0x0000000061100000 - 0x000000006110f000 	C:\Users\miguel.oda\Documents\KatalonStudio6.1.5LastTimeExecuteOn11.18.2019\jre\bin\verify.dll
0x00000000610d0000 - 0x00000000610f9000 	C:\Users\miguel.oda\Documents\KatalonStudio6.1.5LastTimeExecuteOn11.18.2019\jre\bin\java.dll
0x00000000610b0000 - 0x00000000610c6000 	C:\Users\miguel.oda\Documents\KatalonStudio6.1.5LastTimeExecuteOn11.18.2019\jre\bin\zip.dll
0x00007fffe75a0000 - 0x00007fffe89e5000 	C:\WINDOWS\System32\SHELL32.dll
0x00007fffe6a40000 - 0x00007fffe6ae9000 	C:\WINDOWS\System32\shcore.dll
0x00007fffe5fd0000 - 0x00007fffe66e1000 	C:\WINDOWS\System32\windows.storage.dll
0x00007fffe6c20000 - 0x00007fffe6c71000 	C:\WINDOWS\System32\shlwapi.dll
0x00007fffe5820000 - 0x00007fffe5831000 	C:\WINDOWS\System32\kernel.appcore.dll
0x00007fffe5800000 - 0x00007fffe581f000 	C:\WINDOWS\System32\profapi.dll
0x00007fffe5840000 - 0x00007fffe588c000 	C:\WINDOWS\System32\powrprof.dll
0x00007fffe5890000 - 0x00007fffe589a000 	C:\WINDOWS\System32\FLTLIB.DLL
0x0000000061090000 - 0x00000000610aa000 	C:\Users\miguel.oda\Documents\KatalonStudio6.1.5LastTimeExecuteOn11.18.2019\jre\bin\net.dll
0x00007fffe5080000 - 0x00007fffe50e6000 	C:\WINDOWS\system32\mswsock.dll
0x0000000061070000 - 0x0000000061081000 	C:\Users\miguel.oda\Documents\KatalonStudio6.1.5LastTimeExecuteOn11.18.2019\jre\bin\nio.dll
0x00007fffe4e10000 - 0x00007fffe4ecf000 	C:\WINDOWS\SYSTEM32\DNSAPI.dll
0x00007fffe9030000 - 0x00007fffe9038000 	C:\WINDOWS\System32\NSI.dll
0x00007fffe4dd0000 - 0x00007fffe4e08000 	C:\WINDOWS\SYSTEM32\IPHLPAPI.DLL
0x00007fffdb460000 - 0x00007fffdb46a000 	C:\Windows\System32\rasadhlp.dll
0x00007fffe0b20000 - 0x00007fffe0b92000 	C:\WINDOWS\System32\fwpuclnt.dll
0x00007fffe5360000 - 0x00007fffe5385000 	C:\WINDOWS\SYSTEM32\bcrypt.dll
0x0000000061040000 - 0x0000000061064000 	C:\Users\miguel.oda\Documents\KatalonStudio6.1.5LastTimeExecuteOn11.18.2019\jre\bin\sunec.dll
0x00007fffe02e0000 - 0x00007fffe02f6000 	C:\WINDOWS\SYSTEM32\dhcpcsvc6.DLL
0x00007fffe02a0000 - 0x00007fffe02ba000 	C:\WINDOWS\SYSTEM32\dhcpcsvc.DLL
0x00007fffe5230000 - 0x00007fffe5247000 	C:\WINDOWS\SYSTEM32\CRYPTSP.dll
0x00007fffe4c30000 - 0x00007fffe4c63000 	C:\WINDOWS\system32\rsaenh.dll
0x00007fffe5730000 - 0x00007fffe5758000 	C:\WINDOWS\SYSTEM32\USERENV.dll
0x00007fffe5250000 - 0x00007fffe525b000 	C:\WINDOWS\SYSTEM32\CRYPTBASE.dll
0x00007fffce3a0000 - 0x00007fffce3b6000 	C:\WINDOWS\system32\napinsp.dll
0x00007fffce380000 - 0x00007fffce39a000 	C:\WINDOWS\system32\pnrpnsp.dll
0x00007fffe2d10000 - 0x00007fffe2d29000 	C:\WINDOWS\system32\NLAapi.dll
0x00007fffce370000 - 0x00007fffce37e000 	C:\WINDOWS\System32\winrnr.dll
0x00007fffdf330000 - 0x00007fffdf345000 	C:\WINDOWS\System32\wshbth.dll

VM Arguments:
jvm_args: -Dgroovy.home=/C:/Users/miguel.oda/Documents/KatalonStudio6.1.5LastTimeExecuteOn11.18.2019/plugins/org.codehaus.groovy_2.4.7.xx-201611170128-e46/ -Xmx1820m -Dfile.encoding=UTF-8 
java_command: org.codehaus.groovy.tools.GroovyStarter --classpath C:\Users\miguel.oda\Documents\KatalonProjects\RegressionTesting\Include\scripts\groovy;C:\Users\miguel.oda\Documents\KatalonProjects\RegressionTesting\Keywords;C:\Users\miguel.oda\Documents\KatalonProjects\RegressionTesting\Libs;C:\Users\miguel.oda\Documents\KatalonProjects\RegressionTesting\Test Listeners;C:\Users\miguel.oda\Documents\KatalonProjects\RegressionTesting\Drivers\pdfbox-app-2.0.15.jar;C:\Users\miguel.oda\Documents\KatalonStudio6.1.5LastTimeExecuteOn11.18.2019\configuration\resources\lib\bcpkix-jdk15on-1.58.jar;C:\Users\miguel.oda\Documents\KatalonStudio6.1.5LastTimeExecuteOn11.18.2019\configuration\resources\lib\bcprov-jdk15on-1.58.jar;C:\Users\miguel.oda\Documents\KatalonStudio6.1.5LastTimeExecuteOn11.18.2019\configuration\resources\lib\browsermob-core-2.1.5.jar;C:\Users\miguel.oda\Documents\KatalonStudio6.1.5LastTimeExecuteOn11.18.2019\configuration\resources\lib\dnsjava-2.1.8.jar;C:\Users\miguel.oda\Documents\KatalonStudio6.1.5LastTimeExecuteOn11.18.2019\configuration\resources\lib\java-client-5.0.4.jar;C:\Users\miguel.oda\Documents\KatalonStudio6.1.5LastTimeExecuteOn11.18.2019\configuration\resources\lib\jna-4.1.0.jar;C:\Users\miguel.oda\Documents\KatalonStudio6.1.5LastTimeExecuteOn11.18.2019\configuration\resources\lib\jna-platform-4.1.0.jar;C:\Users\miguel.oda\Documents\KatalonStudio6.1.5LastTimeExecuteOn11.18.2019\configuration\resources\lib\jzlib-1.1.3.jar;C:\Users\miguel.oda\Documents\KatalonStudio6.1.5LastTimeExecuteOn11.18.2019\configuration\resources\lib\kat-server.jar;C:\Users\miguel.oda\Documents\KatalonStudio6.1.5LastTimeExecuteOn11.18.2019\configuration\resources\lib\littleproxy-1.1.0-beta-bmp-17.jar;C:\Users\miguel.oda\Documents\KatalonStudio6.1.5LastTimeExecuteOn11.18.2019\configuration\resources\lib\mitm-2.1.5.jar;C:\Users\miguel.oda\Documents\KatalonStudio6.1.5LastTimeExecuteOn11.18.2019\configuration\resources\lib\netty-all-4.0.51.Final.jar;C:\Users\miguel.oda\Docu
java_class_path (initial): C:\Users\miguel.oda\Documents\KatalonProjects\RegressionTesting\bin\keyword;C:\Users\miguel.oda\Documents\KatalonProjects\RegressionTesting\bin\listener;C:\Users\miguel.oda\Documents\KatalonProjects\RegressionTesting\bin\lib;C:\Users\miguel.oda\Documents\KatalonProjects\RegressionTesting\bin\groovy;C:\Users\miguel.oda\Documents\KatalonProjects\RegressionTesting\bin;C:\Users\miguel.oda\Documents\KatalonStudio6.1.5LastTimeExecuteOn11.18.2019\plugins\com.kms.katalon.core_1.0.0.201905140226.jar;C:\Users\miguel.oda\Documents\KatalonStudio6.1.5LastTimeExecuteOn11.18.2019\configuration\resources\lib\bcpkix-jdk15on-1.58.jar;C:\Users\miguel.oda\Documents\KatalonStudio6.1.5LastTimeExecuteOn11.18.2019\configuration\resources\lib\bcprov-jdk15on-1.58.jar;C:\Users\miguel.oda\Documents\KatalonStudio6.1.5LastTimeExecuteOn11.18.2019\configuration\resources\lib\browsermob-core-2.1.5.jar;C:\Users\miguel.oda\Documents\KatalonStudio6.1.5LastTimeExecuteOn11.18.2019\configuration\resources\lib\dnsjava-2.1.8.jar;C:\Users\miguel.oda\Documents\KatalonStudio6.1.5LastTimeExecuteOn11.18.2019\configuration\resources\lib\java-client-5.0.4.jar;C:\Users\miguel.oda\Documents\KatalonStudio6.1.5LastTimeExecuteOn11.18.2019\configuration\resources\lib\jna-4.1.0.jar;C:\Users\miguel.oda\Documents\KatalonStudio6.1.5LastTimeExecuteOn11.18.2019\configuration\resources\lib\jna-platform-4.1.0.jar;C:\Users\miguel.oda\Documents\KatalonStudio6.1.5LastTimeExecuteOn11.18.2019\configuration\resources\lib\jzlib-1.1.3.jar;C:\Users\miguel.oda\Documents\KatalonStudio6.1.5LastTimeExecuteOn11.18.2019\configuration\resources\lib\kat-server.jar;C:\Users\miguel.oda\Documents\KatalonStudio6.1.5LastTimeExecuteOn11.18.2019\configuration\resources\lib\littleproxy-1.1.0-beta-bmp-17.jar;C:\Users\miguel.oda\Documents\KatalonStudio6.1.5LastTimeExecuteOn11.18.2019\configuration\resources\lib\mitm-2.1.5.jar;C:\Users\miguel.oda\Documents\KatalonStudio6.1.5LastTimeExecuteOn11.18.2019\configuration\resources\
Launcher Type: SUN_STANDARD

Environment Variables:
PATH=C:/Users/miguel.oda/Documents/KatalonStudio6.1.5LastTimeExecuteOn11.18.2019/jre/bin/server;C:/Users/miguel.oda/Documents/KatalonStudio6.1.5LastTimeExecuteOn11.18.2019/jre/bin;C:/Users/miguel.oda/Documents/KatalonStudio6.1.5LastTimeExecuteOn11.18.2019/jre/lib/amd64;C:\ProgramData\Oracle\Java\javapath;C:\oracle\product\10.2.0_32\jdk\jre\bin\classic;C:\oracle\product\10.2.0_32\jdk\jre\bin;C:\oracle\product\10.2.0_32\jdk\jre\bin\client;C:\oracle\product\10.2.0_32\jlib;C:\oracle\product\10.2.0_32\bin;C:\oracle\product\10.2.0_32\jre\1.4.2\bin\client;C:\oracle\product\10.2.0_32\jre\1.4.2\bin;C:\oracle\product\12.2.0_32\client_1;C:\oracle\product\12.2.0_32\client_1\bin;C:\oracle\product\12.2.0_64\client_1\bin;C:\WINDOWS\system32;C:\WINDOWS;C:\WINDOWS\System32\Wbem;C:\WINDOWS\System32\WindowsPowerShell\v1.0\;C:\Program Files\dotnet\;C:\Program Files\Microsoft SQL Server\130\Tools\Binn\;C:\Program Files (x86)\dotnet\;C:\WINDOWS\System32\OpenSSH\;C:\Users\miguel.oda\AppData\Local\Microsoft\WindowsApps;;C:\Users\miguel.oda\Documents\KatalonStudio6.1.5LastTimeExecuteOn11.18.2019;
USERNAME=MIGUEL.ODA
OS=Windows_NT
PROCESSOR_IDENTIFIER=Intel64 Family 6 Model 94 Stepping 3, GenuineIntel



---------------  S Y S T E M  ---------------

OS: Windows 10.0 , 64 bit Build 17134 (10.0.17134.1425)

CPU:total 8 (initial active 8) (4 cores per cpu, 2 threads per core) family 6 model 94 stepping 3, cmov, cx8, fxsr, mmx, sse, sse2, sse3, ssse3, sse4.1, sse4.2, popcnt, avx, avx2, aes, clmul, erms, rtm, 3dnowpref, lzcnt, ht, tsc, tscinvbit, bmi1, bmi2, adx

Memory: 4k page, physical 16654928k(5156580k free), swap 22798928k(10128k free)

vm_info: Java HotSpot(TM) 64-Bit Server VM (25.181-b13) for windows-amd64 JRE (1.8.0_181-b13), built on Jul  7 2018 04:01:33 by "java_re" with MS VC++ 10.0 (VS2010)

time: Mon Aug 10 09:30:23 2020
elapsed time: 95 seconds (0d 0h 1m 35s)

