#
# There is insufficient memory for the Java Runtime Environment to continue.
# Native memory allocation (malloc) failed to allocate 1397456 bytes for Chunk::new
# Possible reasons:
#   The system is out of physical RAM or swap space
#   In 32 bit mode, the process size limit was hit
# Possible solutions:
#   Reduce memory load on the system
#   Increase physical memory or swap space
#   Check if swap backing store is full
#   Use 64 bit Java on a 64 bit OS
#   Decrease Java heap size (-Xmx/-Xms)
#   Decrease number of Java threads
#   Decrease Java thread stack sizes (-Xss)
#   Set larger code cache with -XX:ReservedCodeCacheSize=
# This output file may be truncated or incomplete.
#
#  Out of Memory Error (allocation.cpp:390), pid=120576, tid=0x000000000001cd14
#
# JRE version: Java(TM) SE Runtime Environment (8.0_181-b13) (build 1.8.0_181-b13)
# Java VM: Java HotSpot(TM) 64-Bit Server VM (25.181-b13 mixed mode windows-amd64 compressed oops)
# Failed to write core dump. Minidumps are not enabled by default on client versions of Windows
#

---------------  T H R E A D  ---------------

Current thread (0x0000000019632800):  JavaThread "C2 CompilerThread1" daemon [_thread_in_native, id=118036, stack(0x0000000019ff0000,0x000000001a0f0000)]

Stack: [0x0000000019ff0000,0x000000001a0f0000]
[error occurred during error reporting (printing stack bounds), id 0xc0000005]

Native frames: (J=compiled Java code, j=interpreted, Vv=VM code, C=native code)


Current CompileTask:
C2:   3673 1572       4       org.codehaus.groovy.reflection.CachedMethod::compareTo (25 bytes)


---------------  P R O C E S S  ---------------

Java Threads: ( => current thread )
  0x00000000196b8000 JavaThread "Service Thread" daemon [_thread_blocked, id=111328, stack(0x000000001a2f0000,0x000000001a3f0000)]
  0x000000001963b800 JavaThread "C1 CompilerThread3" daemon [_thread_blocked, id=118212, stack(0x000000001a1f0000,0x000000001a2f0000)]
  0x0000000019636800 JavaThread "C2 CompilerThread2" daemon [_thread_in_native, id=111944, stack(0x000000001a0f0000,0x000000001a1f0000)]
=>0x0000000019632800 JavaThread "C2 CompilerThread1" daemon [_thread_in_native, id=118036, stack(0x0000000019ff0000,0x000000001a0f0000)]
  0x0000000019642800 JavaThread "C2 CompilerThread0" daemon [_thread_in_native, id=117492, stack(0x0000000019ef0000,0x0000000019ff0000)]
  0x0000000019641000 JavaThread "Attach Listener" daemon [_thread_blocked, id=118588, stack(0x0000000019df0000,0x0000000019ef0000)]
  0x0000000019640000 JavaThread "Signal Dispatcher" daemon [_thread_blocked, id=120460, stack(0x0000000019cf0000,0x0000000019df0000)]
  0x0000000017828800 JavaThread "Finalizer" daemon [_thread_blocked, id=115856, stack(0x0000000019b00000,0x0000000019c00000)]
  0x0000000019620800 JavaThread "Reference Handler" daemon [_thread_blocked, id=69908, stack(0x0000000019a00000,0x0000000019b00000)]
  0x0000000002f1c800 JavaThread "main" [_thread_in_Java, id=116704, stack(0x0000000002e10000,0x0000000002f10000)]

Other Threads:
  0x000000001781a000 VMThread [stack: 0x0000000019500000,0x0000000019600000] [id=120636]
  0x00000000196bd000 WatcherThread [stack: 0x000000001a3f0000,0x000000001a4f0000] [id=120956]

VM state:not at safepoint (normal execution)

VM Mutex/Monitor currently owned by a thread: None

Heap:
 PSYoungGen      total 76288K, used 48136K [0x00000000da180000, 0x00000000df680000, 0x0000000100000000)
  eden space 65536K, 59% used [0x00000000da180000,0x00000000dc773208,0x00000000de180000)
  from space 10752K, 86% used [0x00000000dec00000,0x00000000df50f110,0x00000000df680000)
  to   space 10752K, 0% used [0x00000000de180000,0x00000000de180000,0x00000000dec00000)
 ParOldGen       total 175104K, used 88K [0x000000008e400000, 0x0000000098f00000, 0x00000000da180000)
  object space 175104K, 0% used [0x000000008e400000,0x000000008e416010,0x0000000098f00000)
 Metaspace       used 19658K, capacity 19882K, committed 20352K, reserved 1067008K
  class space    used 2223K, capacity 2325K, committed 2432K, reserved 1048576K

Card table byte_map: [0x00000000123d0000,0x0000000012760000] byte_map_base: 0x0000000011f5e000

Marking Bits: (ParMarkBitMap*) 0x000000005f392d00
 Begin Bits: [0x00000000131c0000, 0x0000000014e30000)
 End Bits:   [0x0000000014e30000, 0x0000000016aa0000)

Polling page: 0x00000000013e0000

CodeCache: size=245760Kb used=7079Kb max_used=7088Kb free=238680Kb
 bounds [0x0000000003010000, 0x0000000003710000, 0x0000000012010000]
 total_blobs=2345 nmethods=1736 adapters=521
 compilation: enabled

Compilation events (10 events):
Event: 3.658 Thread 0x000000001963b800 1737   !   3       java.lang.Package::getSystemPackage (63 bytes)
Event: 3.658 Thread 0x000000001963b800 nmethod 1737 0x00000000036f9090 code [0x00000000036f9280, 0x00000000036f9c28]
Event: 3.661 Thread 0x0000000019636800 nmethod 1729 0x00000000036fef90 code [0x00000000036ff0e0, 0x00000000036ffa28]
Event: 3.661 Thread 0x0000000019636800 1726       4       java.math.BigInteger::implMulAddCheck (169 bytes)
Event: 3.662 Thread 0x0000000019636800 nmethod 1726 0x00000000036fbed0 code [0x00000000036fc020, 0x00000000036fc118]
Event: 3.662 Thread 0x0000000019636800 1680       4       java.lang.reflect.Method::getParameterTypes (11 bytes)
Event: 3.663 Thread 0x0000000019636800 nmethod 1680 0x00000000036fbb90 code [0x00000000036fbce0, 0x00000000036fbe18]
Event: 3.663 Thread 0x0000000019636800 1682       4       org.codehaus.groovy.util.LazyReference::get (44 bytes)
Event: 3.667 Thread 0x000000001963b800 1738       3       org.apache.xerces.util.URI::isPathCharacter (24 bytes)
Event: 3.668 Thread 0x000000001963b800 nmethod 1738 0x00000000036f8c50 code [0x00000000036f8dc0, 0x00000000036f8fb0]

GC Heap History (4 events):
Event: 1.961 GC heap before
{Heap before GC invocations=1 (full 0):
 PSYoungGen      total 76288K, used 65536K [0x00000000da180000, 0x00000000df680000, 0x0000000100000000)
  eden space 65536K, 100% used [0x00000000da180000,0x00000000de180000,0x00000000de180000)
  from space 10752K, 0% used [0x00000000dec00000,0x00000000dec00000,0x00000000df680000)
  to   space 10752K, 0% used [0x00000000de180000,0x00000000de180000,0x00000000dec00000)
 ParOldGen       total 175104K, used 0K [0x000000008e400000, 0x0000000098f00000, 0x00000000da180000)
  object space 175104K, 0% used [0x000000008e400000,0x000000008e400000,0x0000000098f00000)
 Metaspace       used 10022K, capacity 10086K, committed 10496K, reserved 1058816K
  class space    used 1123K, capacity 1169K, committed 1280K, reserved 1048576K
Event: 1.969 GC heap after
Heap after GC invocations=1 (full 0):
 PSYoungGen      total 76288K, used 7301K [0x00000000da180000, 0x00000000df680000, 0x0000000100000000)
  eden space 65536K, 0% used [0x00000000da180000,0x00000000da180000,0x00000000de180000)
  from space 10752K, 67% used [0x00000000de180000,0x00000000de8a1460,0x00000000dec00000)
  to   space 10752K, 0% used [0x00000000dec00000,0x00000000dec00000,0x00000000df680000)
 ParOldGen       total 175104K, used 16K [0x000000008e400000, 0x0000000098f00000, 0x00000000da180000)
  object space 175104K, 0% used [0x000000008e400000,0x000000008e404000,0x0000000098f00000)
 Metaspace       used 10022K, capacity 10086K, committed 10496K, reserved 1058816K
  class space    used 1123K, capacity 1169K, committed 1280K, reserved 1048576K
}
Event: 2.916 GC heap before
{Heap before GC invocations=2 (full 0):
 PSYoungGen      total 76288K, used 72837K [0x00000000da180000, 0x00000000df680000, 0x0000000100000000)
  eden space 65536K, 100% used [0x00000000da180000,0x00000000de180000,0x00000000de180000)
  from space 10752K, 67% used [0x00000000de180000,0x00000000de8a1460,0x00000000dec00000)
  to   space 10752K, 0% used [0x00000000dec00000,0x00000000dec00000,0x00000000df680000)
 ParOldGen       total 175104K, used 16K [0x000000008e400000, 0x0000000098f00000, 0x00000000da180000)
  object space 175104K, 0% used [0x000000008e400000,0x000000008e404000,0x0000000098f00000)
 Metaspace       used 16801K, capacity 16944K, committed 17280K, reserved 1064960K
  class space    used 1838K, capacity 1901K, committed 1920K, reserved 1048576K
Event: 2.925 GC heap after
Heap after GC invocations=2 (full 0):
 PSYoungGen      total 76288K, used 9276K [0x00000000da180000, 0x00000000df680000, 0x0000000100000000)
  eden space 65536K, 0% used [0x00000000da180000,0x00000000da180000,0x00000000de180000)
  from space 10752K, 86% used [0x00000000dec00000,0x00000000df50f110,0x00000000df680000)
  to   space 10752K, 0% used [0x00000000de180000,0x00000000de180000,0x00000000dec00000)
 ParOldGen       total 175104K, used 88K [0x000000008e400000, 0x0000000098f00000, 0x00000000da180000)
  object space 175104K, 0% used [0x000000008e400000,0x000000008e416010,0x0000000098f00000)
 Metaspace       used 16801K, capacity 16944K, committed 17280K, reserved 1064960K
  class space    used 1838K, capacity 1901K, committed 1920K, reserved 1048576K
}

Deoptimization events (10 events):
Event: 3.044 Thread 0x0000000002f1c800 Uncommon trap: reason=unstable_if action=reinterpret pc=0x0000000003225070 method=java.io.DataInputStream.readUTF(Ljava/io/DataInput;)Ljava/lang/String; @ 31
Event: 3.072 Thread 0x0000000002f1c800 Uncommon trap: reason=unstable_if action=reinterpret pc=0x00000000035bcb48 method=java.util.concurrent.ConcurrentHashMap.putVal(Ljava/lang/Object;Ljava/lang/Object;Z)Ljava/lang/Object; @ 181
Event: 3.077 Thread 0x0000000002f1c800 Uncommon trap: reason=unstable_if action=reinterpret pc=0x00000000035be4a4 method=java.io.WinNTFileSystem.prefixLength(Ljava/lang/String;)I @ 42
Event: 3.120 Thread 0x0000000002f1c800 Uncommon trap: reason=unstable_if action=reinterpret pc=0x000000000352009c method=java.lang.ThreadLocal$ThreadLocalMap.getEntry(Ljava/lang/ThreadLocal;)Ljava/lang/ThreadLocal$ThreadLocalMap$Entry; @ 29
Event: 3.259 Thread 0x0000000002f1c800 Uncommon trap: reason=predicate action=maybe_recompile pc=0x0000000003607c38 method=java.lang.String.regionMatches(ZILjava/lang/String;II)Z @ 63
Event: 3.352 Thread 0x0000000002f1c800 Uncommon trap: reason=unstable_if action=reinterpret pc=0x00000000031b6ef4 method=java.io.WinNTFileSystem.normalize(Ljava/lang/String;II)Ljava/lang/String; @ 8
Event: 3.472 Thread 0x0000000002f1c800 Uncommon trap: reason=predicate action=maybe_recompile pc=0x000000000334aa60 method=groovyjarjarantlr.InputBuffer.syncConsume()V @ 7
Event: 3.472 Thread 0x0000000002f1c800 Uncommon trap: reason=predicate action=maybe_recompile pc=0x0000000003341f94 method=groovyjarjarantlr.InputBuffer.syncConsume()V @ 7
Event: 3.472 Thread 0x0000000002f1c800 Uncommon trap: reason=predicate action=maybe_recompile pc=0x000000000334524c method=groovyjarjarantlr.InputBuffer.syncConsume()V @ 7
Event: 3.530 Thread 0x0000000002f1c800 Uncommon trap: reason=unstable_if action=reinterpret pc=0x00000000035de700 method=java.lang.Class$MethodArray.addIfNotPresent(Ljava/lang/reflect/Method;)V @ 19

Classes redefined (0 events):
No events

Internal exceptions (10 events):
Event: 3.554 Thread 0x0000000002f1c800 Exception <a 'java/lang/ClassNotFoundException': org/codehaus/groovy/ast/stmt/StatementCustomizer> (0x00000000dc107300) thrown at [C:\re\workspace\8-2-build-windows-amd64-cygwin\jdk8u181\11358\hotspot\src\share\vm\classfile\systemDictionary.cpp, line 210]
Event: 3.556 Thread 0x0000000002f1c800 Exception <a 'java/lang/ClassNotFoundException': org/codehaus/groovy/ast/stmt/BlockStatementCustomizer> (0x00000000dc13aac0) thrown at [C:\re\workspace\8-2-build-windows-amd64-cygwin\jdk8u181\11358\hotspot\src\share\vm\classfile\systemDictionary.cpp, line
Event: 3.566 Thread 0x0000000002f1c800 Exception <a 'java/lang/ClassNotFoundException': java/util/LinkedListBeanInfo> (0x00000000dc1e5a00) thrown at [C:\re\workspace\8-2-build-windows-amd64-cygwin\jdk8u181\11358\hotspot\src\share\vm\classfile\systemDictionary.cpp, line 210]
Event: 3.567 Thread 0x0000000002f1c800 Exception <a 'java/lang/ClassNotFoundException': java/util/AbstractSequentialListBeanInfo> (0x00000000dc1fdf80) thrown at [C:\re\workspace\8-2-build-windows-amd64-cygwin\jdk8u181\11358\hotspot\src\share\vm\classfile\systemDictionary.cpp, line 210]
Event: 3.568 Thread 0x0000000002f1c800 Exception <a 'java/lang/ClassNotFoundException': java/util/AbstractSequentialListCustomizer> (0x00000000dc216ef0) thrown at [C:\re\workspace\8-2-build-windows-amd64-cygwin\jdk8u181\11358\hotspot\src\share\vm\classfile\systemDictionary.cpp, line 210]
Event: 3.570 Thread 0x0000000002f1c800 Exception <a 'java/lang/ClassNotFoundException': java/util/LinkedListCustomizer> (0x00000000dc2373b0) thrown at [C:\re\workspace\8-2-build-windows-amd64-cygwin\jdk8u181\11358\hotspot\src\share\vm\classfile\systemDictionary.cpp, line 210]
Event: 3.576 Thread 0x0000000002f1c800 Exception <a 'java/lang/ClassNotFoundException': org/codehaus/groovy/ast/ClassNodeBeanInfo> (0x00000000dc2b87c8) thrown at [C:\re\workspace\8-2-build-windows-amd64-cygwin\jdk8u181\11358\hotspot\src\share\vm\classfile\systemDictionary.cpp, line 210]
Event: 3.578 Thread 0x0000000002f1c800 Exception <a 'java/lang/ClassNotFoundException': org/codehaus/groovy/ast/AnnotatedNodeBeanInfo> (0x00000000dc2e0130) thrown at [C:\re\workspace\8-2-build-windows-amd64-cygwin\jdk8u181\11358\hotspot\src\share\vm\classfile\systemDictionary.cpp, line 210]
Event: 3.579 Thread 0x0000000002f1c800 Exception <a 'java/lang/ClassNotFoundException': org/codehaus/groovy/ast/AnnotatedNodeCustomizer> (0x00000000dc308890) thrown at [C:\re\workspace\8-2-build-windows-amd64-cygwin\jdk8u181\11358\hotspot\src\share\vm\classfile\systemDictionary.cpp, line 210]
Event: 3.581 Thread 0x0000000002f1c800 Exception <a 'java/lang/ClassNotFoundException': org/codehaus/groovy/ast/ClassNodeCustomizer> (0x00000000dc33f0d8) thrown at [C:\re\workspace\8-2-build-windows-amd64-cygwin\jdk8u181\11358\hotspot\src\share\vm\classfile\systemDictionary.cpp, line 210]

Events (10 events):
Event: 3.664 loading class org/apache/xerces/impl/msg/SAXMessages_en
Event: 3.664 loading class org/apache/xerces/impl/msg/SAXMessages_en done
Event: 3.666 loading class org/apache/xerces/impl/msg/SAXMessages_en_US
Event: 3.666 loading class org/apache/xerces/impl/msg/SAXMessages_en_US done
Event: 3.666 loading class java/text/MessageFormat
Event: 3.667 loading class java/text/MessageFormat done
Event: 3.667 loading class java/text/MessageFormat$Field
Event: 3.667 loading class java/text/MessageFormat$Field done
Event: 3.669 loading class org/dom4j/Namespace
Event: 3.669 loading class org/dom4j/Namespace done


Dynamic libraries:
0x00007ff6259b0000 - 0x00007ff6259e7000 	C:\Users\miguel.oda\Documents\KatalonStudio6.1.5LastTimeExecuteOn11.18.2019\jre\bin\javaw.exe
0x00007fffe9500000 - 0x00007fffe96e1000 	C:\WINDOWS\SYSTEM32\ntdll.dll
0x00007fffe7360000 - 0x00007fffe7411000 	C:\WINDOWS\System32\KERNEL32.DLL
0x00007fffe5ac0000 - 0x00007fffe5d33000 	C:\WINDOWS\System32\KERNELBASE.dll
0x00007fffe6990000 - 0x00007fffe6a31000 	C:\WINDOWS\System32\ADVAPI32.dll
0x00007fffe6d70000 - 0x00007fffe6e0e000 	C:\WINDOWS\System32\msvcrt.dll
0x00007fffe9040000 - 0x00007fffe909b000 	C:\WINDOWS\System32\sechost.dll
0x00007fffe6af0000 - 0x00007fffe6c14000 	C:\WINDOWS\System32\RPCRT4.dll
0x00007fffe91a0000 - 0x00007fffe9330000 	C:\WINDOWS\System32\USER32.dll
0x00007fffe5fb0000 - 0x00007fffe5fd0000 	C:\WINDOWS\System32\win32u.dll
0x00007fffe89f0000 - 0x00007fffe8a18000 	C:\WINDOWS\System32\GDI32.dll
0x00007fffe6740000 - 0x00007fffe68d2000 	C:\WINDOWS\System32\gdi32full.dll
0x00007fffe58c0000 - 0x00007fffe595f000 	C:\WINDOWS\System32\msvcp_win.dll
0x00007fffe59c0000 - 0x00007fffe5ab8000 	C:\WINDOWS\System32\ucrtbase.dll
0x00007fffcc9c0000 - 0x00007fffccc29000 	C:\WINDOWS\WinSxS\amd64_microsoft.windows.common-controls_6595b64144ccf1df_6.0.17134.1550_none_d40142657c8ef2c1\COMCTL32.dll
0x00007fffe8b80000 - 0x00007fffe8ea0000 	C:\WINDOWS\System32\combase.dll
0x00007fffe5d40000 - 0x00007fffe5db9000 	C:\WINDOWS\System32\bcryptPrimitives.dll
0x00007fffe8f90000 - 0x00007fffe8fbd000 	C:\WINDOWS\System32\IMM32.DLL
0x00007fffc9630000 - 0x00007fffc96e2000 	C:\Program Files\McAfee\Endpoint Security\Threat Prevention\Ips\EpMPApi.dll
0x00007fffe5960000 - 0x00007fffe59b7000 	C:\WINDOWS\System32\WINTRUST.dll
0x00007fffe58a0000 - 0x00007fffe58b2000 	C:\WINDOWS\System32\MSASN1.dll
0x00007fffe5dc0000 - 0x00007fffe5fa2000 	C:\WINDOWS\System32\CRYPT32.dll
0x0000000062600000 - 0x000000006260c000 	C:\Program Files\McAfee\Endpoint Security\Threat Prevention\Ips\EpMPThe.dll
0x0000000060dd0000 - 0x0000000060ea2000 	C:\Users\miguel.oda\Documents\KatalonStudio6.1.5LastTimeExecuteOn11.18.2019\jre\bin\msvcr100.dll
0x000000005eb70000 - 0x000000005f412000 	C:\Users\miguel.oda\Documents\KatalonStudio6.1.5LastTimeExecuteOn11.18.2019\jre\bin\server\jvm.dll
0x00007fffe6ce0000 - 0x00007fffe6ce8000 	C:\WINDOWS\System32\PSAPI.DLL
0x00007fffd7a60000 - 0x00007fffd7a69000 	C:\WINDOWS\SYSTEM32\WSOCK32.dll
0x00007fffe8fc0000 - 0x00007fffe902c000 	C:\WINDOWS\System32\WS2_32.dll
0x00007fffe2c40000 - 0x00007fffe2c63000 	C:\WINDOWS\SYSTEM32\WINMM.dll
0x00007fffdf810000 - 0x00007fffdf81a000 	C:\WINDOWS\SYSTEM32\VERSION.dll
0x00007fffe27a0000 - 0x00007fffe27ca000 	C:\WINDOWS\SYSTEM32\WINMMBASE.dll
0x00007fffe66f0000 - 0x00007fffe6739000 	C:\WINDOWS\System32\cfgmgr32.dll
0x0000000061100000 - 0x000000006110f000 	C:\Users\miguel.oda\Documents\KatalonStudio6.1.5LastTimeExecuteOn11.18.2019\jre\bin\verify.dll
0x00000000610d0000 - 0x00000000610f9000 	C:\Users\miguel.oda\Documents\KatalonStudio6.1.5LastTimeExecuteOn11.18.2019\jre\bin\java.dll
0x00000000610b0000 - 0x00000000610c6000 	C:\Users\miguel.oda\Documents\KatalonStudio6.1.5LastTimeExecuteOn11.18.2019\jre\bin\zip.dll
0x00007fffe75a0000 - 0x00007fffe89e5000 	C:\WINDOWS\System32\SHELL32.dll
0x00007fffe6a40000 - 0x00007fffe6ae9000 	C:\WINDOWS\System32\shcore.dll
0x00007fffe5fd0000 - 0x00007fffe66e1000 	C:\WINDOWS\System32\windows.storage.dll
0x00007fffe6c20000 - 0x00007fffe6c71000 	C:\WINDOWS\System32\shlwapi.dll
0x00007fffe5820000 - 0x00007fffe5831000 	C:\WINDOWS\System32\kernel.appcore.dll
0x00007fffe5800000 - 0x00007fffe581f000 	C:\WINDOWS\System32\profapi.dll
0x00007fffe5840000 - 0x00007fffe588c000 	C:\WINDOWS\System32\powrprof.dll
0x00007fffe5890000 - 0x00007fffe589a000 	C:\WINDOWS\System32\FLTLIB.DLL
0x0000000061090000 - 0x00000000610aa000 	C:\Users\miguel.oda\Documents\KatalonStudio6.1.5LastTimeExecuteOn11.18.2019\jre\bin\net.dll
0x00007fffe5080000 - 0x00007fffe50e6000 	C:\WINDOWS\system32\mswsock.dll
0x0000000061070000 - 0x0000000061081000 	C:\Users\miguel.oda\Documents\KatalonStudio6.1.5LastTimeExecuteOn11.18.2019\jre\bin\nio.dll

VM Arguments:
jvm_args: -Dgroovy.home=/C:/Users/miguel.oda/Documents/KatalonStudio6.1.5LastTimeExecuteOn11.18.2019/plugins/org.codehaus.groovy_2.4.7.xx-201611170128-e46/ -Xmx1820m -Dfile.encoding=UTF-8 
java_command: org.codehaus.groovy.tools.GroovyStarter --classpath C:\Users\miguel.oda\Documents\KatalonProjects\RegressionTesting\Include\scripts\groovy;C:\Users\miguel.oda\Documents\KatalonProjects\RegressionTesting\Keywords;C:\Users\miguel.oda\Documents\KatalonProjects\RegressionTesting\Libs;C:\Users\miguel.oda\Documents\KatalonProjects\RegressionTesting\Test Listeners;C:\Users\miguel.oda\Documents\KatalonProjects\RegressionTesting\Drivers\pdfbox-app-2.0.15.jar;C:\Users\miguel.oda\Documents\KatalonStudio6.1.5LastTimeExecuteOn11.18.2019\configuration\resources\lib\bcpkix-jdk15on-1.58.jar;C:\Users\miguel.oda\Documents\KatalonStudio6.1.5LastTimeExecuteOn11.18.2019\configuration\resources\lib\bcprov-jdk15on-1.58.jar;C:\Users\miguel.oda\Documents\KatalonStudio6.1.5LastTimeExecuteOn11.18.2019\configuration\resources\lib\browsermob-core-2.1.5.jar;C:\Users\miguel.oda\Documents\KatalonStudio6.1.5LastTimeExecuteOn11.18.2019\configuration\resources\lib\dnsjava-2.1.8.jar;C:\Users\miguel.oda\Documents\KatalonStudio6.1.5LastTimeExecuteOn11.18.2019\configuration\resources\lib\java-client-5.0.4.jar;C:\Users\miguel.oda\Documents\KatalonStudio6.1.5LastTimeExecuteOn11.18.2019\configuration\resources\lib\jna-4.1.0.jar;C:\Users\miguel.oda\Documents\KatalonStudio6.1.5LastTimeExecuteOn11.18.2019\configuration\resources\lib\jna-platform-4.1.0.jar;C:\Users\miguel.oda\Documents\KatalonStudio6.1.5LastTimeExecuteOn11.18.2019\configuration\resources\lib\jzlib-1.1.3.jar;C:\Users\miguel.oda\Documents\KatalonStudio6.1.5LastTimeExecuteOn11.18.2019\configuration\resources\lib\kat-server.jar;C:\Users\miguel.oda\Documents\KatalonStudio6.1.5LastTimeExecuteOn11.18.2019\configuration\resources\lib\littleproxy-1.1.0-beta-bmp-17.jar;C:\Users\miguel.oda\Documents\KatalonStudio6.1.5LastTimeExecuteOn11.18.2019\configuration\resources\lib\mitm-2.1.5.jar;C:\Users\miguel.oda\Documents\KatalonStudio6.1.5LastTimeExecuteOn11.18.2019\configuration\resources\lib\netty-all-4.0.51.Final.jar;C:\Users\miguel.oda\Docu
java_class_path (initial): C:\Users\miguel.oda\Documents\KatalonProjects\RegressionTesting\bin\keyword;C:\Users\miguel.oda\Documents\KatalonProjects\RegressionTesting\bin\listener;C:\Users\miguel.oda\Documents\KatalonProjects\RegressionTesting\bin\lib;C:\Users\miguel.oda\Documents\KatalonProjects\RegressionTesting\bin\groovy;C:\Users\miguel.oda\Documents\KatalonProjects\RegressionTesting\bin;C:\Users\miguel.oda\Documents\KatalonStudio6.1.5LastTimeExecuteOn11.18.2019\plugins\com.kms.katalon.core_1.0.0.201905140226.jar;C:\Users\miguel.oda\Documents\KatalonStudio6.1.5LastTimeExecuteOn11.18.2019\configuration\resources\lib\bcpkix-jdk15on-1.58.jar;C:\Users\miguel.oda\Documents\KatalonStudio6.1.5LastTimeExecuteOn11.18.2019\configuration\resources\lib\bcprov-jdk15on-1.58.jar;C:\Users\miguel.oda\Documents\KatalonStudio6.1.5LastTimeExecuteOn11.18.2019\configuration\resources\lib\browsermob-core-2.1.5.jar;C:\Users\miguel.oda\Documents\KatalonStudio6.1.5LastTimeExecuteOn11.18.2019\configuration\resources\lib\dnsjava-2.1.8.jar;C:\Users\miguel.oda\Documents\KatalonStudio6.1.5LastTimeExecuteOn11.18.2019\configuration\resources\lib\java-client-5.0.4.jar;C:\Users\miguel.oda\Documents\KatalonStudio6.1.5LastTimeExecuteOn11.18.2019\configuration\resources\lib\jna-4.1.0.jar;C:\Users\miguel.oda\Documents\KatalonStudio6.1.5LastTimeExecuteOn11.18.2019\configuration\resources\lib\jna-platform-4.1.0.jar;C:\Users\miguel.oda\Documents\KatalonStudio6.1.5LastTimeExecuteOn11.18.2019\configuration\resources\lib\jzlib-1.1.3.jar;C:\Users\miguel.oda\Documents\KatalonStudio6.1.5LastTimeExecuteOn11.18.2019\configuration\resources\lib\kat-server.jar;C:\Users\miguel.oda\Documents\KatalonStudio6.1.5LastTimeExecuteOn11.18.2019\configuration\resources\lib\littleproxy-1.1.0-beta-bmp-17.jar;C:\Users\miguel.oda\Documents\KatalonStudio6.1.5LastTimeExecuteOn11.18.2019\configuration\resources\lib\mitm-2.1.5.jar;C:\Users\miguel.oda\Documents\KatalonStudio6.1.5LastTimeExecuteOn11.18.2019\configuration\resources\
Launcher Type: SUN_STANDARD

Environment Variables:
PATH=C:/Users/miguel.oda/Documents/KatalonStudio6.1.5LastTimeExecuteOn11.18.2019/jre/bin/server;C:/Users/miguel.oda/Documents/KatalonStudio6.1.5LastTimeExecuteOn11.18.2019/jre/bin;C:/Users/miguel.oda/Documents/KatalonStudio6.1.5LastTimeExecuteOn11.18.2019/jre/lib/amd64;C:\ProgramData\Oracle\Java\javapath;C:\oracle\product\10.2.0_32\jdk\jre\bin\classic;C:\oracle\product\10.2.0_32\jdk\jre\bin;C:\oracle\product\10.2.0_32\jdk\jre\bin\client;C:\oracle\product\10.2.0_32\jlib;C:\oracle\product\10.2.0_32\bin;C:\oracle\product\10.2.0_32\jre\1.4.2\bin\client;C:\oracle\product\10.2.0_32\jre\1.4.2\bin;C:\oracle\product\12.2.0_32\client_1;C:\oracle\product\12.2.0_32\client_1\bin;C:\oracle\product\12.2.0_64\client_1\bin;C:\WINDOWS\system32;C:\WINDOWS;C:\WINDOWS\System32\Wbem;C:\WINDOWS\System32\WindowsPowerShell\v1.0\;C:\Program Files\dotnet\;C:\Program Files\Microsoft SQL Server\130\Tools\Binn\;C:\Program Files (x86)\dotnet\;C:\WINDOWS\System32\OpenSSH\;C:\Users\miguel.oda\AppData\Local\Microsoft\WindowsApps;;C:\Users\miguel.oda\Documents\KatalonStudio6.1.5LastTimeExecuteOn11.18.2019;
USERNAME=MIGUEL.ODA
OS=Windows_NT
PROCESSOR_IDENTIFIER=Intel64 Family 6 Model 94 Stepping 3, GenuineIntel



---------------  S Y S T E M  ---------------

OS: Windows 10.0 , 64 bit Build 17134 (10.0.17134.1425)

CPU:total 8 (initial active 8) (4 cores per cpu, 2 threads per core) family 6 model 94 stepping 3, cmov, cx8, fxsr, mmx, sse, sse2, sse3, ssse3, sse4.1, sse4.2, popcnt, avx, avx2, aes, clmul, erms, rtm, 3dnowpref, lzcnt, ht, tsc, tscinvbit, bmi1, bmi2, adx

Memory: 4k page, physical 16654928k(7228260k free), swap 22798928k(4132k free)

vm_info: Java HotSpot(TM) 64-Bit Server VM (25.181-b13) for windows-amd64 JRE (1.8.0_181-b13), built on Jul  7 2018 04:01:33 by "java_re" with MS VC++ 10.0 (VS2010)

time: Mon Aug 10 09:20:02 2020
elapsed time: 3 seconds (0d 0h 0m 3s)

